C:\Program Files (x86)\Microsoft Visual Studio\2017\Community\Common7\IDE\VC\VCTargets\Platforms\Win32\PlatformToolsets\v141_xp\Toolset.targets(39,5): warning MSB8051: Support for targeting Windows XP is deprecated and will not be present in future releases of Visual Studio. Please see https://go.microsoft.com/fwlink/?linkid=2023588 for more information.
  main.cpp
c:\program files (x86)\microsoft sdks\windows\v7.1a\include\ntstatus.h(147): warning C4005: 'STATUS_WAIT_0': macro redefinition
  c:\program files (x86)\microsoft sdks\windows\v7.1a\include\winnt.h(1983): note: see previous definition of 'STATUS_WAIT_0'
c:\program files (x86)\microsoft sdks\windows\v7.1a\include\ntstatus.h(199): warning C4005: 'STATUS_ABANDONED_WAIT_0': macro redefinition
  c:\program files (x86)\microsoft sdks\windows\v7.1a\include\winnt.h(1984): note: see previous definition of 'STATUS_ABANDONED_WAIT_0'
c:\program files (x86)\microsoft sdks\windows\v7.1a\include\ntstatus.h(222): warning C4005: 'STATUS_USER_APC': macro redefinition
  c:\program files (x86)\microsoft sdks\windows\v7.1a\include\winnt.h(1985): note: see previous definition of 'STATUS_USER_APC'
c:\program files (x86)\microsoft sdks\windows\v7.1a\include\ntstatus.h(249): warning C4005: 'STATUS_TIMEOUT': macro redefinition
  c:\program files (x86)\microsoft sdks\windows\v7.1a\include\winnt.h(1986): note: see previous definition of 'STATUS_TIMEOUT'
c:\program files (x86)\microsoft sdks\windows\v7.1a\include\ntstatus.h(258): warning C4005: 'STATUS_PENDING': macro redefinition
  c:\program files (x86)\microsoft sdks\windows\v7.1a\include\winnt.h(1987): note: see previous definition of 'STATUS_PENDING'
c:\program files (x86)\microsoft sdks\windows\v7.1a\include\ntstatus.h(651): warning C4005: 'DBG_EXCEPTION_HANDLED': macro redefinition
  c:\program files (x86)\microsoft sdks\windows\v7.1a\include\winnt.h(1988): note: see previous definition of 'DBG_EXCEPTION_HANDLED'
c:\program files (x86)\microsoft sdks\windows\v7.1a\include\ntstatus.h(660): warning C4005: 'DBG_CONTINUE': macro redefinition
  c:\program files (x86)\microsoft sdks\windows\v7.1a\include\winnt.h(1989): note: see previous definition of 'DBG_CONTINUE'
c:\program files (x86)\microsoft sdks\windows\v7.1a\include\ntstatus.h(746): warning C4005: 'STATUS_SEGMENT_NOTIFICATION': macro redefinition
  c:\program files (x86)\microsoft sdks\windows\v7.1a\include\winnt.h(1990): note: see previous definition of 'STATUS_SEGMENT_NOTIFICATION'
c:\program files (x86)\microsoft sdks\windows\v7.1a\include\ntstatus.h(1219): warning C4005: 'DBG_TERMINATE_THREAD': macro redefinition
  c:\program files (x86)\microsoft sdks\windows\v7.1a\include\winnt.h(1991): note: see previous definition of 'DBG_TERMINATE_THREAD'
c:\program files (x86)\microsoft sdks\windows\v7.1a\include\ntstatus.h(1228): warning C4005: 'DBG_TERMINATE_PROCESS': macro redefinition
  c:\program files (x86)\microsoft sdks\windows\v7.1a\include\winnt.h(1992): note: see previous definition of 'DBG_TERMINATE_PROCESS'
c:\program files (x86)\microsoft sdks\windows\v7.1a\include\ntstatus.h(1237): warning C4005: 'DBG_CONTROL_C': macro redefinition
  c:\program files (x86)\microsoft sdks\windows\v7.1a\include\winnt.h(1993): note: see previous definition of 'DBG_CONTROL_C'
c:\program files (x86)\microsoft sdks\windows\v7.1a\include\ntstatus.h(1246): warning C4005: 'DBG_PRINTEXCEPTION_C': macro redefinition
  c:\program files (x86)\microsoft sdks\windows\v7.1a\include\winnt.h(1994): note: see previous definition of 'DBG_PRINTEXCEPTION_C'
c:\program files (x86)\microsoft sdks\windows\v7.1a\include\ntstatus.h(1255): warning C4005: 'DBG_RIPEXCEPTION': macro redefinition
  c:\program files (x86)\microsoft sdks\windows\v7.1a\include\winnt.h(1995): note: see previous definition of 'DBG_RIPEXCEPTION'
c:\program files (x86)\microsoft sdks\windows\v7.1a\include\ntstatus.h(1264): warning C4005: 'DBG_CONTROL_BREAK': macro redefinition
  c:\program files (x86)\microsoft sdks\windows\v7.1a\include\winnt.h(1996): note: see previous definition of 'DBG_CONTROL_BREAK'
c:\program files (x86)\microsoft sdks\windows\v7.1a\include\ntstatus.h(1273): warning C4005: 'DBG_COMMAND_EXCEPTION': macro redefinition
  c:\program files (x86)\microsoft sdks\windows\v7.1a\include\winnt.h(1997): note: see previous definition of 'DBG_COMMAND_EXCEPTION'
c:\program files (x86)\microsoft sdks\windows\v7.1a\include\ntstatus.h(1305): warning C4005: 'STATUS_GUARD_PAGE_VIOLATION': macro redefinition
  c:\program files (x86)\microsoft sdks\windows\v7.1a\include\winnt.h(1998): note: see previous definition of 'STATUS_GUARD_PAGE_VIOLATION'
c:\program files (x86)\microsoft sdks\windows\v7.1a\include\ntstatus.h(1316): warning C4005: 'STATUS_DATATYPE_MISALIGNMENT': macro redefinition
  c:\program files (x86)\microsoft sdks\windows\v7.1a\include\winnt.h(1999): note: see previous definition of 'STATUS_DATATYPE_MISALIGNMENT'
c:\program files (x86)\microsoft sdks\windows\v7.1a\include\ntstatus.h(1327): warning C4005: 'STATUS_BREAKPOINT': macro redefinition
  c:\program files (x86)\microsoft sdks\windows\v7.1a\include\winnt.h(2000): note: see previous definition of 'STATUS_BREAKPOINT'
c:\program files (x86)\microsoft sdks\windows\v7.1a\include\ntstatus.h(1338): warning C4005: 'STATUS_SINGLE_STEP': macro redefinition
  c:\program files (x86)\microsoft sdks\windows\v7.1a\include\winnt.h(2001): note: see previous definition of 'STATUS_SINGLE_STEP'
c:\program files (x86)\microsoft sdks\windows\v7.1a\include\ntstatus.h(1641): warning C4005: 'STATUS_LONGJUMP': macro redefinition
  c:\program files (x86)\microsoft sdks\windows\v7.1a\include\winnt.h(2002): note: see previous definition of 'STATUS_LONGJUMP'
c:\program files (x86)\microsoft sdks\windows\v7.1a\include\ntstatus.h(1668): warning C4005: 'STATUS_UNWIND_CONSOLIDATE': macro redefinition
  c:\program files (x86)\microsoft sdks\windows\v7.1a\include\winnt.h(2003): note: see previous definition of 'STATUS_UNWIND_CONSOLIDATE'
c:\program files (x86)\microsoft sdks\windows\v7.1a\include\ntstatus.h(1735): warning C4005: 'DBG_EXCEPTION_NOT_HANDLED': macro redefinition
  c:\program files (x86)\microsoft sdks\windows\v7.1a\include\winnt.h(2004): note: see previous definition of 'DBG_EXCEPTION_NOT_HANDLED'
c:\program files (x86)\microsoft sdks\windows\v7.1a\include\ntstatus.h(1864): warning C4005: 'STATUS_ACCESS_VIOLATION': macro redefinition
  c:\program files (x86)\microsoft sdks\windows\v7.1a\include\winnt.h(2005): note: see previous definition of 'STATUS_ACCESS_VIOLATION'
c:\program files (x86)\microsoft sdks\windows\v7.1a\include\ntstatus.h(1873): warning C4005: 'STATUS_IN_PAGE_ERROR': macro redefinition
  c:\program files (x86)\microsoft sdks\windows\v7.1a\include\winnt.h(2006): note: see previous definition of 'STATUS_IN_PAGE_ERROR'
c:\program files (x86)\microsoft sdks\windows\v7.1a\include\ntstatus.h(1891): warning C4005: 'STATUS_INVALID_HANDLE': macro redefinition
  c:\program files (x86)\microsoft sdks\windows\v7.1a\include\winnt.h(2007): note: see previous definition of 'STATUS_INVALID_HANDLE'
c:\program files (x86)\microsoft sdks\windows\v7.1a\include\ntstatus.h(1936): warning C4005: 'STATUS_INVALID_PARAMETER': macro redefinition
  c:\program files (x86)\microsoft sdks\windows\v7.1a\include\winnt.h(2008): note: see previous definition of 'STATUS_INVALID_PARAMETER'
c:\program files (x86)\microsoft sdks\windows\v7.1a\include\ntstatus.h(2036): warning C4005: 'STATUS_NO_MEMORY': macro redefinition
  c:\program files (x86)\microsoft sdks\windows\v7.1a\include\winnt.h(2009): note: see previous definition of 'STATUS_NO_MEMORY'
c:\program files (x86)\microsoft sdks\windows\v7.1a\include\ntstatus.h(2093): warning C4005: 'STATUS_ILLEGAL_INSTRUCTION': macro redefinition
  c:\program files (x86)\microsoft sdks\windows\v7.1a\include\winnt.h(2010): note: see previous definition of 'STATUS_ILLEGAL_INSTRUCTION'
c:\program files (x86)\microsoft sdks\windows\v7.1a\include\ntstatus.h(2174): warning C4005: 'STATUS_NONCONTINUABLE_EXCEPTION': macro redefinition
  c:\program files (x86)\microsoft sdks\windows\v7.1a\include\winnt.h(2011): note: see previous definition of 'STATUS_NONCONTINUABLE_EXCEPTION'
c:\program files (x86)\microsoft sdks\windows\v7.1a\include\ntstatus.h(2183): warning C4005: 'STATUS_INVALID_DISPOSITION': macro redefinition
  c:\program files (x86)\microsoft sdks\windows\v7.1a\include\winnt.h(2012): note: see previous definition of 'STATUS_INVALID_DISPOSITION'
c:\program files (x86)\microsoft sdks\windows\v7.1a\include\ntstatus.h(3105): warning C4005: 'STATUS_ARRAY_BOUNDS_EXCEEDED': macro redefinition
  c:\program files (x86)\microsoft sdks\windows\v7.1a\include\winnt.h(2013): note: see previous definition of 'STATUS_ARRAY_BOUNDS_EXCEEDED'
c:\program files (x86)\microsoft sdks\windows\v7.1a\include\ntstatus.h(3115): warning C4005: 'STATUS_FLOAT_DENORMAL_OPERAND': macro redefinition
  c:\program files (x86)\microsoft sdks\windows\v7.1a\include\winnt.h(2014): note: see previous definition of 'STATUS_FLOAT_DENORMAL_OPERAND'
c:\program files (x86)\microsoft sdks\windows\v7.1a\include\ntstatus.h(3125): warning C4005: 'STATUS_FLOAT_DIVIDE_BY_ZERO': macro redefinition
  c:\program files (x86)\microsoft sdks\windows\v7.1a\include\winnt.h(2015): note: see previous definition of 'STATUS_FLOAT_DIVIDE_BY_ZERO'
c:\program files (x86)\microsoft sdks\windows\v7.1a\include\ntstatus.h(3135): warning C4005: 'STATUS_FLOAT_INEXACT_RESULT': macro redefinition
  c:\program files (x86)\microsoft sdks\windows\v7.1a\include\winnt.h(2016): note: see previous definition of 'STATUS_FLOAT_INEXACT_RESULT'
c:\program files (x86)\microsoft sdks\windows\v7.1a\include\ntstatus.h(3145): warning C4005: 'STATUS_FLOAT_INVALID_OPERATION': macro redefinition
  c:\program files (x86)\microsoft sdks\windows\v7.1a\include\winnt.h(2017): note: see previous definition of 'STATUS_FLOAT_INVALID_OPERATION'
c:\program files (x86)\microsoft sdks\windows\v7.1a\include\ntstatus.h(3155): warning C4005: 'STATUS_FLOAT_OVERFLOW': macro redefinition
  c:\program files (x86)\microsoft sdks\windows\v7.1a\include\winnt.h(2018): note: see previous definition of 'STATUS_FLOAT_OVERFLOW'
c:\program files (x86)\microsoft sdks\windows\v7.1a\include\ntstatus.h(3165): warning C4005: 'STATUS_FLOAT_STACK_CHECK': macro redefinition
  c:\program files (x86)\microsoft sdks\windows\v7.1a\include\winnt.h(2019): note: see previous definition of 'STATUS_FLOAT_STACK_CHECK'
c:\program files (x86)\microsoft sdks\windows\v7.1a\include\ntstatus.h(3175): warning C4005: 'STATUS_FLOAT_UNDERFLOW': macro redefinition
  c:\program files (x86)\microsoft sdks\windows\v7.1a\include\winnt.h(2020): note: see previous definition of 'STATUS_FLOAT_UNDERFLOW'
c:\program files (x86)\microsoft sdks\windows\v7.1a\include\ntstatus.h(3185): warning C4005: 'STATUS_INTEGER_DIVIDE_BY_ZERO': macro redefinition
  c:\program files (x86)\microsoft sdks\windows\v7.1a\include\winnt.h(2021): note: see previous definition of 'STATUS_INTEGER_DIVIDE_BY_ZERO'
c:\program files (x86)\microsoft sdks\windows\v7.1a\include\ntstatus.h(3195): warning C4005: 'STATUS_INTEGER_OVERFLOW': macro redefinition
  c:\program files (x86)\microsoft sdks\windows\v7.1a\include\winnt.h(2022): note: see previous definition of 'STATUS_INTEGER_OVERFLOW'
c:\program files (x86)\microsoft sdks\windows\v7.1a\include\ntstatus.h(3205): warning C4005: 'STATUS_PRIVILEGED_INSTRUCTION': macro redefinition
  c:\program files (x86)\microsoft sdks\windows\v7.1a\include\winnt.h(2023): note: see previous definition of 'STATUS_PRIVILEGED_INSTRUCTION'
c:\program files (x86)\microsoft sdks\windows\v7.1a\include\ntstatus.h(4151): warning C4005: 'STATUS_STACK_OVERFLOW': macro redefinition
  c:\program files (x86)\microsoft sdks\windows\v7.1a\include\winnt.h(2024): note: see previous definition of 'STATUS_STACK_OVERFLOW'
c:\program files (x86)\microsoft sdks\windows\v7.1a\include\ntstatus.h(4668): warning C4005: 'STATUS_DLL_NOT_FOUND': macro redefinition
  c:\program files (x86)\microsoft sdks\windows\v7.1a\include\winnt.h(2025): note: see previous definition of 'STATUS_DLL_NOT_FOUND'
c:\program files (x86)\microsoft sdks\windows\v7.1a\include\ntstatus.h(4697): warning C4005: 'STATUS_ORDINAL_NOT_FOUND': macro redefinition
  c:\program files (x86)\microsoft sdks\windows\v7.1a\include\winnt.h(2026): note: see previous definition of 'STATUS_ORDINAL_NOT_FOUND'
c:\program files (x86)\microsoft sdks\windows\v7.1a\include\ntstatus.h(4707): warning C4005: 'STATUS_ENTRYPOINT_NOT_FOUND': macro redefinition
  c:\program files (x86)\microsoft sdks\windows\v7.1a\include\winnt.h(2027): note: see previous definition of 'STATUS_ENTRYPOINT_NOT_FOUND'
c:\program files (x86)\microsoft sdks\windows\v7.1a\include\ntstatus.h(4717): warning C4005: 'STATUS_CONTROL_C_EXIT': macro redefinition
  c:\program files (x86)\microsoft sdks\windows\v7.1a\include\winnt.h(2028): note: see previous definition of 'STATUS_CONTROL_C_EXIT'
c:\program files (x86)\microsoft sdks\windows\v7.1a\include\ntstatus.h(4795): warning C4005: 'STATUS_DLL_INIT_FAILED': macro redefinition
  c:\program files (x86)\microsoft sdks\windows\v7.1a\include\winnt.h(2029): note: see previous definition of 'STATUS_DLL_INIT_FAILED'
c:\program files (x86)\microsoft sdks\windows\v7.1a\include\ntstatus.h(7197): warning C4005: 'STATUS_FLOAT_MULTIPLE_FAULTS': macro redefinition
  c:\program files (x86)\microsoft sdks\windows\v7.1a\include\winnt.h(2030): note: see previous definition of 'STATUS_FLOAT_MULTIPLE_FAULTS'
c:\program files (x86)\microsoft sdks\windows\v7.1a\include\ntstatus.h(7207): warning C4005: 'STATUS_FLOAT_MULTIPLE_TRAPS': macro redefinition
  c:\program files (x86)\microsoft sdks\windows\v7.1a\include\winnt.h(2031): note: see previous definition of 'STATUS_FLOAT_MULTIPLE_TRAPS'
c:\program files (x86)\microsoft sdks\windows\v7.1a\include\ntstatus.h(7330): warning C4005: 'STATUS_REG_NAT_CONSUMPTION': macro redefinition
  c:\program files (x86)\microsoft sdks\windows\v7.1a\include\winnt.h(2032): note: see previous definition of 'STATUS_REG_NAT_CONSUMPTION'
c:\program files (x86)\microsoft sdks\windows\v7.1a\include\ntstatus.h(8523): warning C4005: 'STATUS_STACK_BUFFER_OVERRUN': macro redefinition
  c:\program files (x86)\microsoft sdks\windows\v7.1a\include\winnt.h(2033): note: see previous definition of 'STATUS_STACK_BUFFER_OVERRUN'
c:\program files (x86)\microsoft sdks\windows\v7.1a\include\ntstatus.h(8650): warning C4005: 'STATUS_INVALID_CRUNTIME_PARAMETER': macro redefinition
  c:\program files (x86)\microsoft sdks\windows\v7.1a\include\winnt.h(2034): note: see previous definition of 'STATUS_INVALID_CRUNTIME_PARAMETER'
c:\program files (x86)\microsoft sdks\windows\v7.1a\include\ntstatus.h(8713): warning C4005: 'STATUS_ASSERTION_FAILURE': macro redefinition
  c:\program files (x86)\microsoft sdks\windows\v7.1a\include\winnt.h(2035): note: see previous definition of 'STATUS_ASSERTION_FAILURE'
c:\program files (x86)\microsoft sdks\windows\v7.1a\include\ntstatus.h(11904): warning C4005: 'STATUS_SXS_EARLY_DEACTIVATION': macro redefinition
  c:\program files (x86)\microsoft sdks\windows\v7.1a\include\winnt.h(2037): note: see previous definition of 'STATUS_SXS_EARLY_DEACTIVATION'
c:\program files (x86)\microsoft sdks\windows\v7.1a\include\ntstatus.h(11913): warning C4005: 'STATUS_SXS_INVALID_DEACTIVATION': macro redefinition
  c:\program files (x86)\microsoft sdks\windows\v7.1a\include\winnt.h(2038): note: see previous definition of 'STATUS_SXS_INVALID_DEACTIVATION'
c:\users\anthony\documents\visual studio 2017\projects\oldcpuemulator\oldcpuemulator\main.cpp(155): warning C4244: 'argument': conversion from 'DOUBLE' to 'UINT', possible loss of data
c:\users\anthony\documents\visual studio 2017\projects\oldcpuemulator\oldcpuemulator\main.cpp(159): warning C4244: 'argument': conversion from 'DOUBLE' to 'UINT', possible loss of data
c:\users\anthony\documents\visual studio 2017\projects\oldcpuemulator\oldcpuemulator\main.cpp(162): warning C4244: 'argument': conversion from 'double' to 'UINT', possible loss of data
c:\users\anthony\documents\visual studio 2017\projects\oldcpuemulator\oldcpuemulator\main.cpp(162): warning C4244: 'argument': conversion from 'DOUBLE' to 'UINT', possible loss of data
c:\users\anthony\documents\visual studio 2017\projects\oldcpuemulator\oldcpuemulator\main.cpp(165): warning C4244: '=': conversion from 'DOUBLE' to 'UINT', possible loss of data
c:\users\anthony\documents\visual studio 2017\projects\oldcpuemulator\oldcpuemulator\main.cpp(166): warning C4244: '=': conversion from 'DOUBLE' to 'UINT', possible loss of data
  OldCPUEmulator.vcxproj -> C:\Users\Anthony\Documents\Visual Studio 2017\Projects\OldCPUEmulator\Debug\OldCPUEmulator.exe
